f:\finalproject\paperproject\pathtracer\x64\debug\vc141.pdb
f:\finalproject\paperproject\pathtracer\x64\debug\vc141.idb
f:\finalproject\paperproject\pathtracer\x64\debug\arealight.obj
f:\finalproject\paperproject\pathtracer\x64\debug\camera.obj
f:\finalproject\paperproject\pathtracer\x64\debug\hit.obj
f:\finalproject\paperproject\pathtracer\x64\debug\image.obj
f:\finalproject\paperproject\pathtracer\x64\debug\material.obj
f:\finalproject\paperproject\pathtracer\x64\debug\main.obj
f:\finalproject\paperproject\pathtracer\x64\debug\path.obj
f:\finalproject\paperproject\pathtracer\x64\debug\pathtracer.obj
f:\finalproject\paperproject\pathtracer\x64\debug\ray.obj
f:\finalproject\paperproject\pathtracer\x64\debug\sceneparser.obj
f:\finalproject\paperproject\pathtracer\x64\debug\triangle.obj
f:\finalproject\paperproject\pathtracer\x64\debug\testsampling.obj
f:\finalproject\paperproject\x64\debug\pathtracer.exe
f:\finalproject\paperproject\x64\debug\pathtracer.ilk
f:\finalproject\paperproject\x64\debug\pathtracer.pdb
f:\finalproject\paperproject\pathtracer\x64\debug\pathtracer.tlog\cl.command.1.tlog
f:\finalproject\paperproject\pathtracer\x64\debug\pathtracer.tlog\cl.read.1.tlog
f:\finalproject\paperproject\pathtracer\x64\debug\pathtracer.tlog\cl.write.1.tlog
f:\finalproject\paperproject\pathtracer\x64\debug\pathtracer.tlog\link.command.1.tlog
f:\finalproject\paperproject\pathtracer\x64\debug\pathtracer.tlog\link.read.1.tlog
f:\finalproject\paperproject\pathtracer\x64\debug\pathtracer.tlog\link.write.1.tlog
