e:\xuchen\bakingproject\pathtracer\x64\release\vc141.pdb
e:\xuchen\bakingproject\pathtracer\x64\release\triangle.obj
e:\xuchen\bakingproject\pathtracer\x64\release\sceneparser.obj
e:\xuchen\bakingproject\pathtracer\x64\release\ray.obj
e:\xuchen\bakingproject\pathtracer\x64\release\pathtracer.obj
e:\xuchen\bakingproject\pathtracer\x64\release\path.obj
e:\xuchen\bakingproject\pathtracer\x64\release\main.obj
e:\xuchen\bakingproject\pathtracer\x64\release\material.obj
e:\xuchen\bakingproject\pathtracer\x64\release\image.obj
e:\xuchen\bakingproject\pathtracer\x64\release\hit.obj
e:\xuchen\bakingproject\pathtracer\x64\release\camera.obj
e:\xuchen\bakingproject\pathtracer\x64\release\arealight.obj
e:\xuchen\bakingproject\x64\release\pathtracer.exe
e:\xuchen\bakingproject\x64\release\pathtracer.pdb
e:\xuchen\bakingproject\x64\release\pathtracer.ipdb
e:\xuchen\bakingproject\x64\release\pathtracer.iobj
e:\xuchen\bakingproject\pathtracer\x64\release\pathtracer.tlog\cl.command.1.tlog
e:\xuchen\bakingproject\pathtracer\x64\release\pathtracer.tlog\cl.read.1.tlog
e:\xuchen\bakingproject\pathtracer\x64\release\pathtracer.tlog\cl.write.1.tlog
e:\xuchen\bakingproject\pathtracer\x64\release\pathtracer.tlog\link.command.1.tlog
e:\xuchen\bakingproject\pathtracer\x64\release\pathtracer.tlog\link.read.1.tlog
e:\xuchen\bakingproject\pathtracer\x64\release\pathtracer.tlog\link.write.1.tlog
e:\xuchen\bakingproject\pathtracer\x64\release\pathtracer.tlog\pathtracer.write.1u.tlog
