  Filter.cpp
c1xx : fatal error C1083: 无法打开源文件: “Filter.cpp”: No such file or directory
  GLCanvas.cpp
f:\finalproject\paperproject\paperproject\GLCanvas.h(2): fatal error C1083: 无法打开包括文件: “glad/glad.h”: No such file or directory
  Group.cpp
f:\finalproject\paperproject\paperproject\Shader.h(4): fatal error C1083: 无法打开包括文件: “glad/glad.h”: No such file or directory
  image.cpp
f:\finalproject\paperproject\paperproject\image.h(5): fatal error C1083: 无法打开包括文件: “glm/glm.hpp”: No such file or directory
  Light.cpp
  Material.cpp
f:\finalproject\paperproject\paperproject\Material.h(2): fatal error C1083: 无法打开包括文件: “glm/glm.hpp”: No such file or directory
  Mesh.cpp
f:\finalproject\paperproject\paperproject\ModelFileLoader.h(2): fatal error C1083: 无法打开包括文件: “glm/glm.hpp”: No such file or directory
  OpenGLViewer.cpp
f:\finalproject\paperproject\paperproject\Shader.h(4): fatal error C1083: 无法打开包括文件: “glad/glad.h”: No such file or directory
  MeshSturcture.cpp
  ModelFileLoader.cpp
f:\finalproject\paperproject\paperproject\ModelFileLoader.h(2): fatal error C1083: 无法打开包括文件: “glm/glm.hpp”: No such file or directory
  OutputTriData.cpp
f:\finalproject\paperproject\paperproject\Shader.h(4): fatal error C1083: 无法打开包括文件: “glad/glad.h”: No such file or directory
  Scene.cpp
f:\finalproject\paperproject\paperproject\Shader.h(4): fatal error C1083: 无法打开包括文件: “glad/glad.h”: No such file or directory
  stb_image.cpp
stb_image.cpp(2): fatal error C1083: 无法打开包括文件: “stb_image.h”: No such file or directory
